Change Component Footprint: Designator= Old Footprint=HF_FP_0805_LED_BLUE&RED_2 New Footprint=FP_0805_LED_BLUE
Change Component Footprint: Designator= Old Footprint=HF_FP_0805_LED_BLUE&RED_2 New Footprint=FP_0805_LED_BLUE
Change Component Footprint: Designator= Old Footprint=HF_FP_0805_LED_BLUE&RED_2 New Footprint=FP_0805_LED_BLUE
Change Component Footprint: Designator= Old Footprint=HF_FP_0805_LED_BLUE&RED_2 New Footprint=FP_0805_LED_BLUE
Change Component Footprint: Designator= Old Footprint=HF_FP_0805_LED_BLUE&RED_2 New Footprint=FP_0805_LED_BLUE
Change Component Footprint: Designator= Old Footprint=HF_FP_0805_LED_BLUE&RED_2 New Footprint=FP_0805_LED_BLUE
Change Component Footprint: Designator= Old Footprint=HF_FP_0805_LED_BLUE&RED_2 New Footprint=FP_0805_LED_BLUE
Change Component Footprint: Designator= Old Footprint=HF_FP_0805_LED_BLUE&RED_2 New Footprint=FP_0805_LED_BLUE
Change Component Footprint: Designator= Old Footprint=HF_FP_0805_LED_BLUE&RED_2 New Footprint=FP_0805_LED_BLUE
Change Component Footprint: Designator= Old Footprint=HF_FP_0805_LED_BLUE&RED_2 New Footprint=FP_0805_LED_BLUE
Change Component Footprint: Designator= Old Footprint=HF_FP_0805_LED_BLUE&RED_2 New Footprint=FP_0805_LED_BLUE
Change Component Footprint: Designator= Old Footprint=HF_FP_0805_LED_BLUE&RED_2 New Footprint=FP_0805_LED_BLUE
Change Component Footprint: Designator= Old Footprint=HF_FP_0805_LED_BLUE&RED_2 New Footprint=FP_0805_LED_BLUE
Change Component Footprint: Designator= Old Footprint=HF_FP_0805_LED_BLUE&RED_2 New Footprint=FP_0805_LED_BLUE
Change Component Footprint: Designator= Old Footprint=HF_FP_0805_LED_BLUE&RED_2 New Footprint=FP_0805_LED_BLUE
Change Component Footprint: Designator= Old Footprint=HF_FP_0805_LED_BLUE&RED_2 New Footprint=FP_0805_LED_BLUE
Change Component Footprint: Designator= Old Footprint=HF_FP_0805_LED_BLUE&RED_2 New Footprint=FP_0805_LED_BLUE
Change Component Footprint: Designator= Old Footprint=HF_FP_0805_LED_BLUE&RED_2 New Footprint=FP_0805_LED_BLUE
Change Component Footprint: Designator= Old Footprint=HF_FP_0805_LED_BLUE&RED_2 New Footprint=FP_0805_LED_BLUE
Change Component Footprint: Designator= Old Footprint=HF_FP_0805_LED_BLUE&RED_2 New Footprint=FP_0805_LED_BLUE
Change Component Footprint: Designator= Old Footprint=HF_FP_0805_LED_BLUE&RED_2 New Footprint=FP_0805_LED_BLUE
Change Component Footprint: Designator= Old Footprint=HF_FP_0805_LED_BLUE&RED_2 New Footprint=FP_0805_LED_BLUE
Change Component Footprint: Designator= Old Footprint=HF_FP_0805_LED_BLUE&RED_2 New Footprint=FP_0805_LED_BLUE
Change Component Footprint: Designator= Old Footprint=HF_FP_0805_LED_BLUE&RED_2 New Footprint=FP_0805_LED_BLUE
Change Component Footprint: Designator= Old Footprint=HF_FP_0805_LED_BLUE&RED_2 New Footprint=FP_0805_LED_BLUE
Change Component Footprint: Designator= Old Footprint=HF_FP_0805_LED_BLUE&RED_2 New Footprint=FP_0805_LED_BLUE
Change Component Footprint: Designator= Old Footprint=HF_FP_0805_LED_BLUE&RED_2 New Footprint=FP_0805_LED_BLUE
Change Component Footprint: Designator= Old Footprint=HF_FP_0805_LED_BLUE&RED_2 New Footprint=FP_0805_LED_BLUE
Change Component Footprint: Designator= Old Footprint=HF_FP_0805_LED_BLUE&RED_2 New Footprint=FP_0805_LED_BLUE
Change Component Footprint: Designator= Old Footprint=HF_FP_0805_LED_BLUE&RED_2 New Footprint=FP_0805_LED_BLUE
Change Component Footprint: Designator= Old Footprint=HF_FP_0805_LED_BLUE&RED_2 New Footprint=FP_0805_LED_BLUE
Change Component Footprint: Designator= Old Footprint=HF_FP_0805_LED_BLUE&RED_2 New Footprint=FP_0805_LED_BLUE
Change Component Footprint: Designator= Old Footprint=HF_FP_0805_LED_BLUE&RED_2 New Footprint=FP_0805_LED_BLUE
Change Component Footprint: Designator= Old Footprint=HF_FP_0805_LED_BLUE&RED_2 New Footprint=FP_0805_LED_BLUE
Change Component Footprint: Designator= Old Footprint=HF_FP_0805_LED_BLUE&RED_2 New Footprint=FP_0805_LED_BLUE
Change Component Footprint: Designator= Old Footprint=HF_FP_0805_LED_BLUE&RED_2 New Footprint=FP_0805_LED_BLUE
Change Component Footprint: Designator= Old Footprint=HF_FP_0805_LED_BLUE&RED_2 New Footprint=FP_0805_LED_BLUE
Change Component Footprint: Designator= Old Footprint=HF_FP_0805_LED_BLUE&RED_2 New Footprint=FP_0805_LED_BLUE
Change Component Footprint: Designator= Old Footprint=HF_FP_0805_LED_BLUE&RED_2 New Footprint=FP_0805_LED_BLUE
Change Component Footprint: Designator= Old Footprint=HF_FP_0805_LED_BLUE&RED_2 New Footprint=FP_0805_LED_BLUE
Change Component Footprint: Designator= Old Footprint=HF_FP_0805_LED_BLUE&RED_2 New Footprint=FP_0805_LED_BLUE
Change Component Footprint: Designator= Old Footprint=HF_FP_0805_LED_BLUE&RED_2 New Footprint=FP_0805_LED_BLUE
Change Component Footprint: Designator= Old Footprint=HF_FP_0805_LED_BLUE&RED_2 New Footprint=FP_0805_LED_BLUE
Change Component Footprint: Designator= Old Footprint=HF_FP_0805_LED_BLUE&RED_2 New Footprint=FP_0805_LED_BLUE
Change Component Footprint: Designator= Old Footprint=HF_FP_0805_LED_BLUE&RED_2 New Footprint=FP_0805_LED_BLUE
Change Component Footprint: Designator= Old Footprint=HF_FP_0805_LED_BLUE&RED_2 New Footprint=FP_0805_LED_BLUE
Change Component Footprint: Designator= Old Footprint=HF_FP_0805_LED_BLUE&RED_2 New Footprint=FP_0805_LED_BLUE
Change Component Footprint: Designator= Old Footprint=HF_FP_0805_LED_BLUE&RED_2 New Footprint=FP_0805_LED_BLUE
Change Component Footprint: Designator= Old Footprint=HF_FP_0805_LED_BLUE&RED_2 New Footprint=FP_0805_LED_BLUE
Change Component Footprint: Designator= Old Footprint=HF_FP_0805_LED_BLUE&RED_2 New Footprint=FP_0805_LED_BLUE
Change Component Footprint: Designator= Old Footprint=HF_FP_0805_LED_BLUE&RED_2 New Footprint=FP_0805_LED_BLUE
Change Component Footprint: Designator= Old Footprint=HF_FP_0805_LED_BLUE&RED_2 New Footprint=FP_0805_LED_BLUE
Change Component Footprint: Designator= Old Footprint=HF_FP_0805_LED_BLUE&RED_2 New Footprint=FP_0805_LED_BLUE
Change Component Footprint: Designator= Old Footprint=HF_FP_0805_LED_BLUE&RED_2 New Footprint=FP_0805_LED_BLUE
Change Component Footprint: Designator= Old Footprint=HF_FP_0805_LED_BLUE&RED_2 New Footprint=FP_0805_LED_BLUE
Change Component Footprint: Designator= Old Footprint=HF_FP_0805_LED_BLUE&RED_2 New Footprint=FP_0805_LED_BLUE
Change Component Footprint: Designator= Old Footprint=HF_FP_0805_LED_BLUE&RED_2 New Footprint=FP_0805_LED_BLUE
Change Component Footprint: Designator= Old Footprint=HF_FP_0805_LED_BLUE&RED_2 New Footprint=FP_0805_LED_BLUE
Change Component Footprint: Designator= Old Footprint=HF_FP_0805_LED_BLUE&RED_2 New Footprint=FP_0805_LED_BLUE
Change Component Footprint: Designator= Old Footprint=HF_FP_0805_LED_BLUE&RED_2 New Footprint=FP_0805_LED_BLUE
Change Component Footprint: Designator= Old Footprint=HF_FP_0805_LED_BLUE&RED_2 New Footprint=FP_0805_LED_BLUE
Change Component Footprint: Designator= Old Footprint=HF_FP_0805_LED_BLUE&RED_2 New Footprint=FP_0805_LED_BLUE
Change Component Footprint: Designator= Old Footprint=HF_FP_0805_LED_BLUE&RED_2 New Footprint=FP_0805_LED_BLUE
Change Component Footprint: Designator= Old Footprint=HF_FP_0805_LED_BLUE&RED_2 New Footprint=FP_0805_LED_BLUE
Change component parameters: Designator = "" ("D7"); Footprint = "HF_FP_0805_LED_BLUE&RED_2"; UniqueID = "\TECNKSDD\IXAQKATS\XCITUCKV" ("\TECNKSDD\IXAQKATS\XCITUCKV")
Change component parameters (AddParameter): Name = "I_max"; Value = ""; VariantName = "[No Variations]"
Change component parameters (AddParameter): Name = "Name"; Value = ""; VariantName = "[No Variations]"
Change component parameters (AddParameter): Name = "Reference"; Value = ""; VariantName = "[No Variations]"
Change component parameters (AddParameter): Name = "Supplier"; Value = ""; VariantName = "[No Variations]"
Change component parameters (AddParameter): Name = "U_fw"; Value = ""; VariantName = "[No Variations]"
Change component parameters: Designator = "" ("D7"); Footprint = "HF_FP_0805_LED_BLUE&RED_2"; UniqueID = "\TECNKSDD\NHZGNUHE\XCITUCKV" ("\TECNKSDD\NHZGNUHE\XCITUCKV")
Change component parameters (AddParameter): Name = "I_max"; Value = ""; VariantName = "[No Variations]"
Change component parameters (AddParameter): Name = "Name"; Value = ""; VariantName = "[No Variations]"
Change component parameters (AddParameter): Name = "Reference"; Value = ""; VariantName = "[No Variations]"
Change component parameters (AddParameter): Name = "Supplier"; Value = ""; VariantName = "[No Variations]"
Change component parameters (AddParameter): Name = "U_fw"; Value = ""; VariantName = "[No Variations]"
Change component parameters: Designator = "" ("D7"); Footprint = "HF_FP_0805_LED_BLUE&RED_2"; UniqueID = "\TECNKSDD\MNCLEIAE\XCITUCKV" ("\TECNKSDD\MNCLEIAE\XCITUCKV")
Change component parameters (AddParameter): Name = "I_max"; Value = ""; VariantName = "[No Variations]"
Change component parameters (AddParameter): Name = "Name"; Value = ""; VariantName = "[No Variations]"
Change component parameters (AddParameter): Name = "Reference"; Value = ""; VariantName = "[No Variations]"
Change component parameters (AddParameter): Name = "Supplier"; Value = ""; VariantName = "[No Variations]"
Change component parameters (AddParameter): Name = "U_fw"; Value = ""; VariantName = "[No Variations]"
Change component parameters: Designator = "" ("D7"); Footprint = "HF_FP_0805_LED_BLUE&RED_2"; UniqueID = "\TECNKSDD\QBQHVAAH\XCITUCKV" ("\TECNKSDD\QBQHVAAH\XCITUCKV")
Change component parameters (AddParameter): Name = "I_max"; Value = ""; VariantName = "[No Variations]"
Change component parameters (AddParameter): Name = "Name"; Value = ""; VariantName = "[No Variations]"
Change component parameters (AddParameter): Name = "Reference"; Value = ""; VariantName = "[No Variations]"
Change component parameters (AddParameter): Name = "Supplier"; Value = ""; VariantName = "[No Variations]"
Change component parameters (AddParameter): Name = "U_fw"; Value = ""; VariantName = "[No Variations]"
Change component parameters: Designator = "" ("D7"); Footprint = "HF_FP_0805_LED_BLUE&RED_2"; UniqueID = "\TECNKSDD\HXPWUOQL\XCITUCKV" ("\TECNKSDD\HXPWUOQL\XCITUCKV")
Change component parameters (AddParameter): Name = "I_max"; Value = ""; VariantName = "[No Variations]"
Change component parameters (AddParameter): Name = "Name"; Value = ""; VariantName = "[No Variations]"
Change component parameters (AddParameter): Name = "Reference"; Value = ""; VariantName = "[No Variations]"
Change component parameters (AddParameter): Name = "Supplier"; Value = ""; VariantName = "[No Variations]"
Change component parameters (AddParameter): Name = "U_fw"; Value = ""; VariantName = "[No Variations]"
Change component parameters: Designator = "" ("D7"); Footprint = "HF_FP_0805_LED_BLUE&RED_2"; UniqueID = "\TECNKSDD\OGGHVANU\XCITUCKV" ("\TECNKSDD\OGGHVANU\XCITUCKV")
Change component parameters (AddParameter): Name = "I_max"; Value = ""; VariantName = "[No Variations]"
Change component parameters (AddParameter): Name = "Name"; Value = ""; VariantName = "[No Variations]"
Change component parameters (AddParameter): Name = "Reference"; Value = ""; VariantName = "[No Variations]"
Change component parameters (AddParameter): Name = "Supplier"; Value = ""; VariantName = "[No Variations]"
Change component parameters (AddParameter): Name = "U_fw"; Value = ""; VariantName = "[No Variations]"
Change component parameters: Designator = "" ("D7"); Footprint = "HF_FP_0805_LED_BLUE&RED_2"; UniqueID = "\TECNKSDD\IEODOEJX\XCITUCKV" ("\TECNKSDD\IEODOEJX\XCITUCKV")
Change component parameters (AddParameter): Name = "I_max"; Value = ""; VariantName = "[No Variations]"
Change component parameters (AddParameter): Name = "Name"; Value = ""; VariantName = "[No Variations]"
Change component parameters (AddParameter): Name = "Reference"; Value = ""; VariantName = "[No Variations]"
Change component parameters (AddParameter): Name = "Supplier"; Value = ""; VariantName = "[No Variations]"
Change component parameters (AddParameter): Name = "U_fw"; Value = ""; VariantName = "[No Variations]"
Change component parameters: Designator = "" ("D7"); Footprint = "HF_FP_0805_LED_BLUE&RED_2"; UniqueID = "\TECNKSDD\CUGSRYVC\XCITUCKV" ("\TECNKSDD\CUGSRYVC\XCITUCKV")
Change component parameters (AddParameter): Name = "I_max"; Value = ""; VariantName = "[No Variations]"
Change component parameters (AddParameter): Name = "Name"; Value = ""; VariantName = "[No Variations]"
Change component parameters (AddParameter): Name = "Reference"; Value = ""; VariantName = "[No Variations]"
Change component parameters (AddParameter): Name = "Supplier"; Value = ""; VariantName = "[No Variations]"
Change component parameters (AddParameter): Name = "U_fw"; Value = ""; VariantName = "[No Variations]"
Change component parameters: Designator = "" ("D6"); Footprint = "HF_FP_0805_LED_BLUE&RED_2"; UniqueID = "\TECNKSDD\IXAQKATS\EAMFOZXT" ("\TECNKSDD\IXAQKATS\EAMFOZXT")
Change component parameters (AddParameter): Name = "I_max"; Value = ""; VariantName = "[No Variations]"
Change component parameters (AddParameter): Name = "Name"; Value = ""; VariantName = "[No Variations]"
Change component parameters (AddParameter): Name = "Reference"; Value = ""; VariantName = "[No Variations]"
Change component parameters (AddParameter): Name = "Supplier"; Value = ""; VariantName = "[No Variations]"
Change component parameters (AddParameter): Name = "U_fw"; Value = ""; VariantName = "[No Variations]"
Change component parameters: Designator = "" ("D6"); Footprint = "HF_FP_0805_LED_BLUE&RED_2"; UniqueID = "\TECNKSDD\NHZGNUHE\EAMFOZXT" ("\TECNKSDD\NHZGNUHE\EAMFOZXT")
Change component parameters (AddParameter): Name = "I_max"; Value = ""; VariantName = "[No Variations]"
Change component parameters (AddParameter): Name = "Name"; Value = ""; VariantName = "[No Variations]"
Change component parameters (AddParameter): Name = "Reference"; Value = ""; VariantName = "[No Variations]"
Change component parameters (AddParameter): Name = "Supplier"; Value = ""; VariantName = "[No Variations]"
Change component parameters (AddParameter): Name = "U_fw"; Value = ""; VariantName = "[No Variations]"
Change component parameters: Designator = "" ("D6"); Footprint = "HF_FP_0805_LED_BLUE&RED_2"; UniqueID = "\TECNKSDD\MNCLEIAE\EAMFOZXT" ("\TECNKSDD\MNCLEIAE\EAMFOZXT")
Change component parameters (AddParameter): Name = "I_max"; Value = ""; VariantName = "[No Variations]"
Change component parameters (AddParameter): Name = "Name"; Value = ""; VariantName = "[No Variations]"
Change component parameters (AddParameter): Name = "Reference"; Value = ""; VariantName = "[No Variations]"
Change component parameters (AddParameter): Name = "Supplier"; Value = ""; VariantName = "[No Variations]"
Change component parameters (AddParameter): Name = "U_fw"; Value = ""; VariantName = "[No Variations]"
Change component parameters: Designator = "" ("D6"); Footprint = "HF_FP_0805_LED_BLUE&RED_2"; UniqueID = "\TECNKSDD\QBQHVAAH\EAMFOZXT" ("\TECNKSDD\QBQHVAAH\EAMFOZXT")
Change component parameters (AddParameter): Name = "I_max"; Value = ""; VariantName = "[No Variations]"
Change component parameters (AddParameter): Name = "Name"; Value = ""; VariantName = "[No Variations]"
Change component parameters (AddParameter): Name = "Reference"; Value = ""; VariantName = "[No Variations]"
Change component parameters (AddParameter): Name = "Supplier"; Value = ""; VariantName = "[No Variations]"
Change component parameters (AddParameter): Name = "U_fw"; Value = ""; VariantName = "[No Variations]"
Change component parameters: Designator = "" ("D6"); Footprint = "HF_FP_0805_LED_BLUE&RED_2"; UniqueID = "\TECNKSDD\HXPWUOQL\EAMFOZXT" ("\TECNKSDD\HXPWUOQL\EAMFOZXT")
Change component parameters (AddParameter): Name = "I_max"; Value = ""; VariantName = "[No Variations]"
Change component parameters (AddParameter): Name = "Name"; Value = ""; VariantName = "[No Variations]"
Change component parameters (AddParameter): Name = "Reference"; Value = ""; VariantName = "[No Variations]"
Change component parameters (AddParameter): Name = "Supplier"; Value = ""; VariantName = "[No Variations]"
Change component parameters (AddParameter): Name = "U_fw"; Value = ""; VariantName = "[No Variations]"
Change component parameters: Designator = "" ("D6"); Footprint = "HF_FP_0805_LED_BLUE&RED_2"; UniqueID = "\TECNKSDD\OGGHVANU\EAMFOZXT" ("\TECNKSDD\OGGHVANU\EAMFOZXT")
Change component parameters (AddParameter): Name = "I_max"; Value = ""; VariantName = "[No Variations]"
Change component parameters (AddParameter): Name = "Name"; Value = ""; VariantName = "[No Variations]"
Change component parameters (AddParameter): Name = "Reference"; Value = ""; VariantName = "[No Variations]"
Change component parameters (AddParameter): Name = "Supplier"; Value = ""; VariantName = "[No Variations]"
Change component parameters (AddParameter): Name = "U_fw"; Value = ""; VariantName = "[No Variations]"
Change component parameters: Designator = "" ("D6"); Footprint = "HF_FP_0805_LED_BLUE&RED_2"; UniqueID = "\TECNKSDD\IEODOEJX\EAMFOZXT" ("\TECNKSDD\IEODOEJX\EAMFOZXT")
Change component parameters (AddParameter): Name = "I_max"; Value = ""; VariantName = "[No Variations]"
Change component parameters (AddParameter): Name = "Name"; Value = ""; VariantName = "[No Variations]"
Change component parameters (AddParameter): Name = "Reference"; Value = ""; VariantName = "[No Variations]"
Change component parameters (AddParameter): Name = "Supplier"; Value = ""; VariantName = "[No Variations]"
Change component parameters (AddParameter): Name = "U_fw"; Value = ""; VariantName = "[No Variations]"
Change component parameters: Designator = "" ("D6"); Footprint = "HF_FP_0805_LED_BLUE&RED_2"; UniqueID = "\TECNKSDD\CUGSRYVC\EAMFOZXT" ("\TECNKSDD\CUGSRYVC\EAMFOZXT")
Change component parameters (AddParameter): Name = "I_max"; Value = ""; VariantName = "[No Variations]"
Change component parameters (AddParameter): Name = "Name"; Value = ""; VariantName = "[No Variations]"
Change component parameters (AddParameter): Name = "Reference"; Value = ""; VariantName = "[No Variations]"
Change component parameters (AddParameter): Name = "Supplier"; Value = ""; VariantName = "[No Variations]"
Change component parameters (AddParameter): Name = "U_fw"; Value = ""; VariantName = "[No Variations]"
Change component parameters: Designator = "" ("D5"); Footprint = "HF_FP_0805_LED_BLUE&RED_2"; UniqueID = "\TECNKSDD\IXAQKATS\DSQRMDYA" ("\TECNKSDD\IXAQKATS\DSQRMDYA")
Change component parameters (AddParameter): Name = "I_max"; Value = ""; VariantName = "[No Variations]"
Change component parameters (AddParameter): Name = "Name"; Value = ""; VariantName = "[No Variations]"
Change component parameters (AddParameter): Name = "Reference"; Value = ""; VariantName = "[No Variations]"
Change component parameters (AddParameter): Name = "Supplier"; Value = ""; VariantName = "[No Variations]"
Change component parameters (AddParameter): Name = "U_fw"; Value = ""; VariantName = "[No Variations]"
Change component parameters: Designator = "" ("D5"); Footprint = "HF_FP_0805_LED_BLUE&RED_2"; UniqueID = "\TECNKSDD\NHZGNUHE\DSQRMDYA" ("\TECNKSDD\NHZGNUHE\DSQRMDYA")
Change component parameters (AddParameter): Name = "I_max"; Value = ""; VariantName = "[No Variations]"
Change component parameters (AddParameter): Name = "Name"; Value = ""; VariantName = "[No Variations]"
Change component parameters (AddParameter): Name = "Reference"; Value = ""; VariantName = "[No Variations]"
Change component parameters (AddParameter): Name = "Supplier"; Value = ""; VariantName = "[No Variations]"
Change component parameters (AddParameter): Name = "U_fw"; Value = ""; VariantName = "[No Variations]"
Change component parameters: Designator = "" ("D5"); Footprint = "HF_FP_0805_LED_BLUE&RED_2"; UniqueID = "\TECNKSDD\MNCLEIAE\DSQRMDYA" ("\TECNKSDD\MNCLEIAE\DSQRMDYA")
Change component parameters (AddParameter): Name = "I_max"; Value = ""; VariantName = "[No Variations]"
Change component parameters (AddParameter): Name = "Name"; Value = ""; VariantName = "[No Variations]"
Change component parameters (AddParameter): Name = "Reference"; Value = ""; VariantName = "[No Variations]"
Change component parameters (AddParameter): Name = "Supplier"; Value = ""; VariantName = "[No Variations]"
Change component parameters (AddParameter): Name = "U_fw"; Value = ""; VariantName = "[No Variations]"
Change component parameters: Designator = "" ("D5"); Footprint = "HF_FP_0805_LED_BLUE&RED_2"; UniqueID = "\TECNKSDD\QBQHVAAH\DSQRMDYA" ("\TECNKSDD\QBQHVAAH\DSQRMDYA")
Change component parameters (AddParameter): Name = "I_max"; Value = ""; VariantName = "[No Variations]"
Change component parameters (AddParameter): Name = "Name"; Value = ""; VariantName = "[No Variations]"
Change component parameters (AddParameter): Name = "Reference"; Value = ""; VariantName = "[No Variations]"
Change component parameters (AddParameter): Name = "Supplier"; Value = ""; VariantName = "[No Variations]"
Change component parameters (AddParameter): Name = "U_fw"; Value = ""; VariantName = "[No Variations]"
Change component parameters: Designator = "" ("D5"); Footprint = "HF_FP_0805_LED_BLUE&RED_2"; UniqueID = "\TECNKSDD\HXPWUOQL\DSQRMDYA" ("\TECNKSDD\HXPWUOQL\DSQRMDYA")
Change component parameters (AddParameter): Name = "I_max"; Value = ""; VariantName = "[No Variations]"
Change component parameters (AddParameter): Name = "Name"; Value = ""; VariantName = "[No Variations]"
Change component parameters (AddParameter): Name = "Reference"; Value = ""; VariantName = "[No Variations]"
Change component parameters (AddParameter): Name = "Supplier"; Value = ""; VariantName = "[No Variations]"
Change component parameters (AddParameter): Name = "U_fw"; Value = ""; VariantName = "[No Variations]"
Change component parameters: Designator = "" ("D5"); Footprint = "HF_FP_0805_LED_BLUE&RED_2"; UniqueID = "\TECNKSDD\OGGHVANU\DSQRMDYA" ("\TECNKSDD\OGGHVANU\DSQRMDYA")
Change component parameters (AddParameter): Name = "I_max"; Value = ""; VariantName = "[No Variations]"
Change component parameters (AddParameter): Name = "Name"; Value = ""; VariantName = "[No Variations]"
Change component parameters (AddParameter): Name = "Reference"; Value = ""; VariantName = "[No Variations]"
Change component parameters (AddParameter): Name = "Supplier"; Value = ""; VariantName = "[No Variations]"
Change component parameters (AddParameter): Name = "U_fw"; Value = ""; VariantName = "[No Variations]"
Change component parameters: Designator = "" ("D5"); Footprint = "HF_FP_0805_LED_BLUE&RED_2"; UniqueID = "\TECNKSDD\IEODOEJX\DSQRMDYA" ("\TECNKSDD\IEODOEJX\DSQRMDYA")
Change component parameters (AddParameter): Name = "I_max"; Value = ""; VariantName = "[No Variations]"
Change component parameters (AddParameter): Name = "Name"; Value = ""; VariantName = "[No Variations]"
Change component parameters (AddParameter): Name = "Reference"; Value = ""; VariantName = "[No Variations]"
Change component parameters (AddParameter): Name = "Supplier"; Value = ""; VariantName = "[No Variations]"
Change component parameters (AddParameter): Name = "U_fw"; Value = ""; VariantName = "[No Variations]"
Change component parameters: Designator = "" ("D5"); Footprint = "HF_FP_0805_LED_BLUE&RED_2"; UniqueID = "\TECNKSDD\CUGSRYVC\DSQRMDYA" ("\TECNKSDD\CUGSRYVC\DSQRMDYA")
Change component parameters (AddParameter): Name = "I_max"; Value = ""; VariantName = "[No Variations]"
Change component parameters (AddParameter): Name = "Name"; Value = ""; VariantName = "[No Variations]"
Change component parameters (AddParameter): Name = "Reference"; Value = ""; VariantName = "[No Variations]"
Change component parameters (AddParameter): Name = "Supplier"; Value = ""; VariantName = "[No Variations]"
Change component parameters (AddParameter): Name = "U_fw"; Value = ""; VariantName = "[No Variations]"
Change component parameters: Designator = "" ("D4"); Footprint = "HF_FP_0805_LED_BLUE&RED_2"; UniqueID = "\TECNKSDD\IXAQKATS\KMUSKFOK" ("\TECNKSDD\IXAQKATS\KMUSKFOK")
Change component parameters (AddParameter): Name = "I_max"; Value = ""; VariantName = "[No Variations]"
Change component parameters (AddParameter): Name = "Name"; Value = ""; VariantName = "[No Variations]"
Change component parameters (AddParameter): Name = "Reference"; Value = ""; VariantName = "[No Variations]"
Change component parameters (AddParameter): Name = "Supplier"; Value = ""; VariantName = "[No Variations]"
Change component parameters (AddParameter): Name = "U_fw"; Value = ""; VariantName = "[No Variations]"
Change component parameters: Designator = "" ("D4"); Footprint = "HF_FP_0805_LED_BLUE&RED_2"; UniqueID = "\TECNKSDD\NHZGNUHE\KMUSKFOK" ("\TECNKSDD\NHZGNUHE\KMUSKFOK")
Change component parameters (AddParameter): Name = "I_max"; Value = ""; VariantName = "[No Variations]"
Change component parameters (AddParameter): Name = "Name"; Value = ""; VariantName = "[No Variations]"
Change component parameters (AddParameter): Name = "Reference"; Value = ""; VariantName = "[No Variations]"
Change component parameters (AddParameter): Name = "Supplier"; Value = ""; VariantName = "[No Variations]"
Change component parameters (AddParameter): Name = "U_fw"; Value = ""; VariantName = "[No Variations]"
Change component parameters: Designator = "" ("D4"); Footprint = "HF_FP_0805_LED_BLUE&RED_2"; UniqueID = "\TECNKSDD\MNCLEIAE\KMUSKFOK" ("\TECNKSDD\MNCLEIAE\KMUSKFOK")
Change component parameters (AddParameter): Name = "I_max"; Value = ""; VariantName = "[No Variations]"
Change component parameters (AddParameter): Name = "Name"; Value = ""; VariantName = "[No Variations]"
Change component parameters (AddParameter): Name = "Reference"; Value = ""; VariantName = "[No Variations]"
Change component parameters (AddParameter): Name = "Supplier"; Value = ""; VariantName = "[No Variations]"
Change component parameters (AddParameter): Name = "U_fw"; Value = ""; VariantName = "[No Variations]"
Change component parameters: Designator = "" ("D4"); Footprint = "HF_FP_0805_LED_BLUE&RED_2"; UniqueID = "\TECNKSDD\QBQHVAAH\KMUSKFOK" ("\TECNKSDD\QBQHVAAH\KMUSKFOK")
Change component parameters (AddParameter): Name = "I_max"; Value = ""; VariantName = "[No Variations]"
Change component parameters (AddParameter): Name = "Name"; Value = ""; VariantName = "[No Variations]"
Change component parameters (AddParameter): Name = "Reference"; Value = ""; VariantName = "[No Variations]"
Change component parameters (AddParameter): Name = "Supplier"; Value = ""; VariantName = "[No Variations]"
Change component parameters (AddParameter): Name = "U_fw"; Value = ""; VariantName = "[No Variations]"
Change component parameters: Designator = "" ("D4"); Footprint = "HF_FP_0805_LED_BLUE&RED_2"; UniqueID = "\TECNKSDD\HXPWUOQL\KMUSKFOK" ("\TECNKSDD\HXPWUOQL\KMUSKFOK")
Change component parameters (AddParameter): Name = "I_max"; Value = ""; VariantName = "[No Variations]"
Change component parameters (AddParameter): Name = "Name"; Value = ""; VariantName = "[No Variations]"
Change component parameters (AddParameter): Name = "Reference"; Value = ""; VariantName = "[No Variations]"
Change component parameters (AddParameter): Name = "Supplier"; Value = ""; VariantName = "[No Variations]"
Change component parameters (AddParameter): Name = "U_fw"; Value = ""; VariantName = "[No Variations]"
Change component parameters: Designator = "" ("D4"); Footprint = "HF_FP_0805_LED_BLUE&RED_2"; UniqueID = "\TECNKSDD\OGGHVANU\KMUSKFOK" ("\TECNKSDD\OGGHVANU\KMUSKFOK")
Change component parameters (AddParameter): Name = "I_max"; Value = ""; VariantName = "[No Variations]"
Change component parameters (AddParameter): Name = "Name"; Value = ""; VariantName = "[No Variations]"
Change component parameters (AddParameter): Name = "Reference"; Value = ""; VariantName = "[No Variations]"
Change component parameters (AddParameter): Name = "Supplier"; Value = ""; VariantName = "[No Variations]"
Change component parameters (AddParameter): Name = "U_fw"; Value = ""; VariantName = "[No Variations]"
Change component parameters: Designator = "" ("D4"); Footprint = "HF_FP_0805_LED_BLUE&RED_2"; UniqueID = "\TECNKSDD\IEODOEJX\KMUSKFOK" ("\TECNKSDD\IEODOEJX\KMUSKFOK")
Change component parameters (AddParameter): Name = "I_max"; Value = ""; VariantName = "[No Variations]"
Change component parameters (AddParameter): Name = "Name"; Value = ""; VariantName = "[No Variations]"
Change component parameters (AddParameter): Name = "Reference"; Value = ""; VariantName = "[No Variations]"
Change component parameters (AddParameter): Name = "Supplier"; Value = ""; VariantName = "[No Variations]"
Change component parameters (AddParameter): Name = "U_fw"; Value = ""; VariantName = "[No Variations]"
Change component parameters: Designator = "" ("D4"); Footprint = "HF_FP_0805_LED_BLUE&RED_2"; UniqueID = "\TECNKSDD\CUGSRYVC\KMUSKFOK" ("\TECNKSDD\CUGSRYVC\KMUSKFOK")
Change component parameters (AddParameter): Name = "I_max"; Value = ""; VariantName = "[No Variations]"
Change component parameters (AddParameter): Name = "Name"; Value = ""; VariantName = "[No Variations]"
Change component parameters (AddParameter): Name = "Reference"; Value = ""; VariantName = "[No Variations]"
Change component parameters (AddParameter): Name = "Supplier"; Value = ""; VariantName = "[No Variations]"
Change component parameters (AddParameter): Name = "U_fw"; Value = ""; VariantName = "[No Variations]"
Change component parameters: Designator = "" ("D3"); Footprint = "HF_FP_0805_LED_BLUE&RED_2"; UniqueID = "\TECNKSDD\IXAQKATS\LUABFJQC" ("\TECNKSDD\IXAQKATS\LUABFJQC")
Change component parameters (AddParameter): Name = "I_max"; Value = ""; VariantName = "[No Variations]"
Change component parameters (AddParameter): Name = "Name"; Value = ""; VariantName = "[No Variations]"
Change component parameters (AddParameter): Name = "Reference"; Value = ""; VariantName = "[No Variations]"
Change component parameters (AddParameter): Name = "Supplier"; Value = ""; VariantName = "[No Variations]"
Change component parameters (AddParameter): Name = "U_fw"; Value = ""; VariantName = "[No Variations]"
Change component parameters: Designator = "" ("D3"); Footprint = "HF_FP_0805_LED_BLUE&RED_2"; UniqueID = "\TECNKSDD\NHZGNUHE\LUABFJQC" ("\TECNKSDD\NHZGNUHE\LUABFJQC")
Change component parameters (AddParameter): Name = "I_max"; Value = ""; VariantName = "[No Variations]"
Change component parameters (AddParameter): Name = "Name"; Value = ""; VariantName = "[No Variations]"
Change component parameters (AddParameter): Name = "Reference"; Value = ""; VariantName = "[No Variations]"
Change component parameters (AddParameter): Name = "Supplier"; Value = ""; VariantName = "[No Variations]"
Change component parameters (AddParameter): Name = "U_fw"; Value = ""; VariantName = "[No Variations]"
Change component parameters: Designator = "" ("D3"); Footprint = "HF_FP_0805_LED_BLUE&RED_2"; UniqueID = "\TECNKSDD\MNCLEIAE\LUABFJQC" ("\TECNKSDD\MNCLEIAE\LUABFJQC")
Change component parameters (AddParameter): Name = "I_max"; Value = ""; VariantName = "[No Variations]"
Change component parameters (AddParameter): Name = "Name"; Value = ""; VariantName = "[No Variations]"
Change component parameters (AddParameter): Name = "Reference"; Value = ""; VariantName = "[No Variations]"
Change component parameters (AddParameter): Name = "Supplier"; Value = ""; VariantName = "[No Variations]"
Change component parameters (AddParameter): Name = "U_fw"; Value = ""; VariantName = "[No Variations]"
Change component parameters: Designator = "" ("D3"); Footprint = "HF_FP_0805_LED_BLUE&RED_2"; UniqueID = "\TECNKSDD\QBQHVAAH\LUABFJQC" ("\TECNKSDD\QBQHVAAH\LUABFJQC")
Change component parameters (AddParameter): Name = "I_max"; Value = ""; VariantName = "[No Variations]"
Change component parameters (AddParameter): Name = "Name"; Value = ""; VariantName = "[No Variations]"
Change component parameters (AddParameter): Name = "Reference"; Value = ""; VariantName = "[No Variations]"
Change component parameters (AddParameter): Name = "Supplier"; Value = ""; VariantName = "[No Variations]"
Change component parameters (AddParameter): Name = "U_fw"; Value = ""; VariantName = "[No Variations]"
Change component parameters: Designator = "" ("D3"); Footprint = "HF_FP_0805_LED_BLUE&RED_2"; UniqueID = "\TECNKSDD\HXPWUOQL\LUABFJQC" ("\TECNKSDD\HXPWUOQL\LUABFJQC")
Change component parameters (AddParameter): Name = "I_max"; Value = ""; VariantName = "[No Variations]"
Change component parameters (AddParameter): Name = "Name"; Value = ""; VariantName = "[No Variations]"
Change component parameters (AddParameter): Name = "Reference"; Value = ""; VariantName = "[No Variations]"
Change component parameters (AddParameter): Name = "Supplier"; Value = ""; VariantName = "[No Variations]"
Change component parameters (AddParameter): Name = "U_fw"; Value = ""; VariantName = "[No Variations]"
Change component parameters: Designator = "" ("D3"); Footprint = "HF_FP_0805_LED_BLUE&RED_2"; UniqueID = "\TECNKSDD\OGGHVANU\LUABFJQC" ("\TECNKSDD\OGGHVANU\LUABFJQC")
Change component parameters (AddParameter): Name = "I_max"; Value = ""; VariantName = "[No Variations]"
Change component parameters (AddParameter): Name = "Name"; Value = ""; VariantName = "[No Variations]"
Change component parameters (AddParameter): Name = "Reference"; Value = ""; VariantName = "[No Variations]"
Change component parameters (AddParameter): Name = "Supplier"; Value = ""; VariantName = "[No Variations]"
Change component parameters (AddParameter): Name = "U_fw"; Value = ""; VariantName = "[No Variations]"
Change component parameters: Designator = "" ("D3"); Footprint = "HF_FP_0805_LED_BLUE&RED_2"; UniqueID = "\TECNKSDD\IEODOEJX\LUABFJQC" ("\TECNKSDD\IEODOEJX\LUABFJQC")
Change component parameters (AddParameter): Name = "I_max"; Value = ""; VariantName = "[No Variations]"
Change component parameters (AddParameter): Name = "Name"; Value = ""; VariantName = "[No Variations]"
Change component parameters (AddParameter): Name = "Reference"; Value = ""; VariantName = "[No Variations]"
Change component parameters (AddParameter): Name = "Supplier"; Value = ""; VariantName = "[No Variations]"
Change component parameters (AddParameter): Name = "U_fw"; Value = ""; VariantName = "[No Variations]"
Change component parameters: Designator = "" ("D3"); Footprint = "HF_FP_0805_LED_BLUE&RED_2"; UniqueID = "\TECNKSDD\CUGSRYVC\LUABFJQC" ("\TECNKSDD\CUGSRYVC\LUABFJQC")
Change component parameters (AddParameter): Name = "I_max"; Value = ""; VariantName = "[No Variations]"
Change component parameters (AddParameter): Name = "Name"; Value = ""; VariantName = "[No Variations]"
Change component parameters (AddParameter): Name = "Reference"; Value = ""; VariantName = "[No Variations]"
Change component parameters (AddParameter): Name = "Supplier"; Value = ""; VariantName = "[No Variations]"
Change component parameters (AddParameter): Name = "U_fw"; Value = ""; VariantName = "[No Variations]"
Change component parameters: Designator = "" ("D2"); Footprint = "HF_FP_0805_LED_BLUE&RED_2"; UniqueID = "\TECNKSDD\IXAQKATS\STBDQLLY" ("\TECNKSDD\IXAQKATS\STBDQLLY")
Change component parameters (AddParameter): Name = "I_max"; Value = ""; VariantName = "[No Variations]"
Change component parameters (AddParameter): Name = "Name"; Value = ""; VariantName = "[No Variations]"
Change component parameters (AddParameter): Name = "Reference"; Value = ""; VariantName = "[No Variations]"
Change component parameters (AddParameter): Name = "Supplier"; Value = ""; VariantName = "[No Variations]"
Change component parameters (AddParameter): Name = "U_fw"; Value = ""; VariantName = "[No Variations]"
Change component parameters: Designator = "" ("D2"); Footprint = "HF_FP_0805_LED_BLUE&RED_2"; UniqueID = "\TECNKSDD\NHZGNUHE\STBDQLLY" ("\TECNKSDD\NHZGNUHE\STBDQLLY")
Change component parameters (AddParameter): Name = "I_max"; Value = ""; VariantName = "[No Variations]"
Change component parameters (AddParameter): Name = "Name"; Value = ""; VariantName = "[No Variations]"
Change component parameters (AddParameter): Name = "Reference"; Value = ""; VariantName = "[No Variations]"
Change component parameters (AddParameter): Name = "Supplier"; Value = ""; VariantName = "[No Variations]"
Change component parameters (AddParameter): Name = "U_fw"; Value = ""; VariantName = "[No Variations]"
Change component parameters: Designator = "" ("D2"); Footprint = "HF_FP_0805_LED_BLUE&RED_2"; UniqueID = "\TECNKSDD\MNCLEIAE\STBDQLLY" ("\TECNKSDD\MNCLEIAE\STBDQLLY")
Change component parameters (AddParameter): Name = "I_max"; Value = ""; VariantName = "[No Variations]"
Change component parameters (AddParameter): Name = "Name"; Value = ""; VariantName = "[No Variations]"
Change component parameters (AddParameter): Name = "Reference"; Value = ""; VariantName = "[No Variations]"
Change component parameters (AddParameter): Name = "Supplier"; Value = ""; VariantName = "[No Variations]"
Change component parameters (AddParameter): Name = "U_fw"; Value = ""; VariantName = "[No Variations]"
Change component parameters: Designator = "" ("D2"); Footprint = "HF_FP_0805_LED_BLUE&RED_2"; UniqueID = "\TECNKSDD\QBQHVAAH\STBDQLLY" ("\TECNKSDD\QBQHVAAH\STBDQLLY")
Change component parameters (AddParameter): Name = "I_max"; Value = ""; VariantName = "[No Variations]"
Change component parameters (AddParameter): Name = "Name"; Value = ""; VariantName = "[No Variations]"
Change component parameters (AddParameter): Name = "Reference"; Value = ""; VariantName = "[No Variations]"
Change component parameters (AddParameter): Name = "Supplier"; Value = ""; VariantName = "[No Variations]"
Change component parameters (AddParameter): Name = "U_fw"; Value = ""; VariantName = "[No Variations]"
Change component parameters: Designator = "" ("D2"); Footprint = "HF_FP_0805_LED_BLUE&RED_2"; UniqueID = "\TECNKSDD\HXPWUOQL\STBDQLLY" ("\TECNKSDD\HXPWUOQL\STBDQLLY")
Change component parameters (AddParameter): Name = "I_max"; Value = ""; VariantName = "[No Variations]"
Change component parameters (AddParameter): Name = "Name"; Value = ""; VariantName = "[No Variations]"
Change component parameters (AddParameter): Name = "Reference"; Value = ""; VariantName = "[No Variations]"
Change component parameters (AddParameter): Name = "Supplier"; Value = ""; VariantName = "[No Variations]"
Change component parameters (AddParameter): Name = "U_fw"; Value = ""; VariantName = "[No Variations]"
Change component parameters: Designator = "" ("D2"); Footprint = "HF_FP_0805_LED_BLUE&RED_2"; UniqueID = "\TECNKSDD\OGGHVANU\STBDQLLY" ("\TECNKSDD\OGGHVANU\STBDQLLY")
Change component parameters (AddParameter): Name = "I_max"; Value = ""; VariantName = "[No Variations]"
Change component parameters (AddParameter): Name = "Name"; Value = ""; VariantName = "[No Variations]"
Change component parameters (AddParameter): Name = "Reference"; Value = ""; VariantName = "[No Variations]"
Change component parameters (AddParameter): Name = "Supplier"; Value = ""; VariantName = "[No Variations]"
Change component parameters (AddParameter): Name = "U_fw"; Value = ""; VariantName = "[No Variations]"
Change component parameters: Designator = "" ("D2"); Footprint = "HF_FP_0805_LED_BLUE&RED_2"; UniqueID = "\TECNKSDD\IEODOEJX\STBDQLLY" ("\TECNKSDD\IEODOEJX\STBDQLLY")
Change component parameters (AddParameter): Name = "I_max"; Value = ""; VariantName = "[No Variations]"
Change component parameters (AddParameter): Name = "Name"; Value = ""; VariantName = "[No Variations]"
Change component parameters (AddParameter): Name = "Reference"; Value = ""; VariantName = "[No Variations]"
Change component parameters (AddParameter): Name = "Supplier"; Value = ""; VariantName = "[No Variations]"
Change component parameters (AddParameter): Name = "U_fw"; Value = ""; VariantName = "[No Variations]"
Change component parameters: Designator = "" ("D2"); Footprint = "HF_FP_0805_LED_BLUE&RED_2"; UniqueID = "\TECNKSDD\CUGSRYVC\STBDQLLY" ("\TECNKSDD\CUGSRYVC\STBDQLLY")
Change component parameters (AddParameter): Name = "I_max"; Value = ""; VariantName = "[No Variations]"
Change component parameters (AddParameter): Name = "Name"; Value = ""; VariantName = "[No Variations]"
Change component parameters (AddParameter): Name = "Reference"; Value = ""; VariantName = "[No Variations]"
Change component parameters (AddParameter): Name = "Supplier"; Value = ""; VariantName = "[No Variations]"
Change component parameters (AddParameter): Name = "U_fw"; Value = ""; VariantName = "[No Variations]"
Change component parameters: Designator = "" ("D1"); Footprint = "HF_FP_0805_LED_BLUE&RED_2"; UniqueID = "\TECNKSDD\IXAQKATS\ODQHOLQK" ("\TECNKSDD\IXAQKATS\ODQHOLQK")
Change component parameters (AddParameter): Name = "I_max"; Value = ""; VariantName = "[No Variations]"
Change component parameters (AddParameter): Name = "Name"; Value = ""; VariantName = "[No Variations]"
Change component parameters (AddParameter): Name = "Reference"; Value = ""; VariantName = "[No Variations]"
Change component parameters (AddParameter): Name = "Supplier"; Value = ""; VariantName = "[No Variations]"
Change component parameters (AddParameter): Name = "U_fw"; Value = ""; VariantName = "[No Variations]"
Change component parameters: Designator = "" ("D1"); Footprint = "HF_FP_0805_LED_BLUE&RED_2"; UniqueID = "\TECNKSDD\NHZGNUHE\ODQHOLQK" ("\TECNKSDD\NHZGNUHE\ODQHOLQK")
Change component parameters (AddParameter): Name = "I_max"; Value = ""; VariantName = "[No Variations]"
Change component parameters (AddParameter): Name = "Name"; Value = ""; VariantName = "[No Variations]"
Change component parameters (AddParameter): Name = "Reference"; Value = ""; VariantName = "[No Variations]"
Change component parameters (AddParameter): Name = "Supplier"; Value = ""; VariantName = "[No Variations]"
Change component parameters (AddParameter): Name = "U_fw"; Value = ""; VariantName = "[No Variations]"
Change component parameters: Designator = "" ("D1"); Footprint = "HF_FP_0805_LED_BLUE&RED_2"; UniqueID = "\TECNKSDD\MNCLEIAE\ODQHOLQK" ("\TECNKSDD\MNCLEIAE\ODQHOLQK")
Change component parameters (AddParameter): Name = "I_max"; Value = ""; VariantName = "[No Variations]"
Change component parameters (AddParameter): Name = "Name"; Value = ""; VariantName = "[No Variations]"
Change component parameters (AddParameter): Name = "Reference"; Value = ""; VariantName = "[No Variations]"
Change component parameters (AddParameter): Name = "Supplier"; Value = ""; VariantName = "[No Variations]"
Change component parameters (AddParameter): Name = "U_fw"; Value = ""; VariantName = "[No Variations]"
Change component parameters: Designator = "" ("D1"); Footprint = "HF_FP_0805_LED_BLUE&RED_2"; UniqueID = "\TECNKSDD\QBQHVAAH\ODQHOLQK" ("\TECNKSDD\QBQHVAAH\ODQHOLQK")
Change component parameters (AddParameter): Name = "I_max"; Value = ""; VariantName = "[No Variations]"
Change component parameters (AddParameter): Name = "Name"; Value = ""; VariantName = "[No Variations]"
Change component parameters (AddParameter): Name = "Reference"; Value = ""; VariantName = "[No Variations]"
Change component parameters (AddParameter): Name = "Supplier"; Value = ""; VariantName = "[No Variations]"
Change component parameters (AddParameter): Name = "U_fw"; Value = ""; VariantName = "[No Variations]"
Change component parameters: Designator = "" ("D1"); Footprint = "HF_FP_0805_LED_BLUE&RED_2"; UniqueID = "\TECNKSDD\HXPWUOQL\ODQHOLQK" ("\TECNKSDD\HXPWUOQL\ODQHOLQK")
Change component parameters (AddParameter): Name = "I_max"; Value = ""; VariantName = "[No Variations]"
Change component parameters (AddParameter): Name = "Name"; Value = ""; VariantName = "[No Variations]"
Change component parameters (AddParameter): Name = "Reference"; Value = ""; VariantName = "[No Variations]"
Change component parameters (AddParameter): Name = "Supplier"; Value = ""; VariantName = "[No Variations]"
Change component parameters (AddParameter): Name = "U_fw"; Value = ""; VariantName = "[No Variations]"
Change component parameters: Designator = "" ("D1"); Footprint = "HF_FP_0805_LED_BLUE&RED_2"; UniqueID = "\TECNKSDD\OGGHVANU\ODQHOLQK" ("\TECNKSDD\OGGHVANU\ODQHOLQK")
Change component parameters (AddParameter): Name = "I_max"; Value = ""; VariantName = "[No Variations]"
Change component parameters (AddParameter): Name = "Name"; Value = ""; VariantName = "[No Variations]"
Change component parameters (AddParameter): Name = "Reference"; Value = ""; VariantName = "[No Variations]"
Change component parameters (AddParameter): Name = "Supplier"; Value = ""; VariantName = "[No Variations]"
Change component parameters (AddParameter): Name = "U_fw"; Value = ""; VariantName = "[No Variations]"
Change component parameters: Designator = "" ("D1"); Footprint = "HF_FP_0805_LED_BLUE&RED_2"; UniqueID = "\TECNKSDD\IEODOEJX\ODQHOLQK" ("\TECNKSDD\IEODOEJX\ODQHOLQK")
Change component parameters (AddParameter): Name = "I_max"; Value = ""; VariantName = "[No Variations]"
Change component parameters (AddParameter): Name = "Name"; Value = ""; VariantName = "[No Variations]"
Change component parameters (AddParameter): Name = "Reference"; Value = ""; VariantName = "[No Variations]"
Change component parameters (AddParameter): Name = "Supplier"; Value = ""; VariantName = "[No Variations]"
Change component parameters (AddParameter): Name = "U_fw"; Value = ""; VariantName = "[No Variations]"
Change component parameters: Designator = "" ("D1"); Footprint = "HF_FP_0805_LED_BLUE&RED_2"; UniqueID = "\TECNKSDD\CUGSRYVC\ODQHOLQK" ("\TECNKSDD\CUGSRYVC\ODQHOLQK")
Change component parameters (AddParameter): Name = "I_max"; Value = ""; VariantName = "[No Variations]"
Change component parameters (AddParameter): Name = "Name"; Value = ""; VariantName = "[No Variations]"
Change component parameters (AddParameter): Name = "Reference"; Value = ""; VariantName = "[No Variations]"
Change component parameters (AddParameter): Name = "Supplier"; Value = ""; VariantName = "[No Variations]"
Change component parameters (AddParameter): Name = "U_fw"; Value = ""; VariantName = "[No Variations]"
Change component parameters: Designator = "" ("D0"); Footprint = "HF_FP_0805_LED_BLUE&RED_2"; UniqueID = "\TECNKSDD\IXAQKATS\VTJMSTCU" ("\TECNKSDD\IXAQKATS\VTJMSTCU")
Change component parameters (AddParameter): Name = "I_max"; Value = ""; VariantName = "[No Variations]"
Change component parameters (AddParameter): Name = "Name"; Value = ""; VariantName = "[No Variations]"
Change component parameters (AddParameter): Name = "Reference"; Value = ""; VariantName = "[No Variations]"
Change component parameters (AddParameter): Name = "Supplier"; Value = ""; VariantName = "[No Variations]"
Change component parameters (AddParameter): Name = "U_fw"; Value = ""; VariantName = "[No Variations]"
Change component parameters: Designator = "" ("D0"); Footprint = "HF_FP_0805_LED_BLUE&RED_2"; UniqueID = "\TECNKSDD\NHZGNUHE\VTJMSTCU" ("\TECNKSDD\NHZGNUHE\VTJMSTCU")
Change component parameters (AddParameter): Name = "I_max"; Value = ""; VariantName = "[No Variations]"
Change component parameters (AddParameter): Name = "Name"; Value = ""; VariantName = "[No Variations]"
Change component parameters (AddParameter): Name = "Reference"; Value = ""; VariantName = "[No Variations]"
Change component parameters (AddParameter): Name = "Supplier"; Value = ""; VariantName = "[No Variations]"
Change component parameters (AddParameter): Name = "U_fw"; Value = ""; VariantName = "[No Variations]"
Change component parameters: Designator = "" ("D0"); Footprint = "HF_FP_0805_LED_BLUE&RED_2"; UniqueID = "\TECNKSDD\MNCLEIAE\VTJMSTCU" ("\TECNKSDD\MNCLEIAE\VTJMSTCU")
Change component parameters (AddParameter): Name = "I_max"; Value = ""; VariantName = "[No Variations]"
Change component parameters (AddParameter): Name = "Name"; Value = ""; VariantName = "[No Variations]"
Change component parameters (AddParameter): Name = "Reference"; Value = ""; VariantName = "[No Variations]"
Change component parameters (AddParameter): Name = "Supplier"; Value = ""; VariantName = "[No Variations]"
Change component parameters (AddParameter): Name = "U_fw"; Value = ""; VariantName = "[No Variations]"
Change component parameters: Designator = "" ("D0"); Footprint = "HF_FP_0805_LED_BLUE&RED_2"; UniqueID = "\TECNKSDD\QBQHVAAH\VTJMSTCU" ("\TECNKSDD\QBQHVAAH\VTJMSTCU")
Change component parameters (AddParameter): Name = "I_max"; Value = ""; VariantName = "[No Variations]"
Change component parameters (AddParameter): Name = "Name"; Value = ""; VariantName = "[No Variations]"
Change component parameters (AddParameter): Name = "Reference"; Value = ""; VariantName = "[No Variations]"
Change component parameters (AddParameter): Name = "Supplier"; Value = ""; VariantName = "[No Variations]"
Change component parameters (AddParameter): Name = "U_fw"; Value = ""; VariantName = "[No Variations]"
Change component parameters: Designator = "" ("D0"); Footprint = "HF_FP_0805_LED_BLUE&RED_2"; UniqueID = "\TECNKSDD\HXPWUOQL\VTJMSTCU" ("\TECNKSDD\HXPWUOQL\VTJMSTCU")
Change component parameters (AddParameter): Name = "I_max"; Value = ""; VariantName = "[No Variations]"
Change component parameters (AddParameter): Name = "Name"; Value = ""; VariantName = "[No Variations]"
Change component parameters (AddParameter): Name = "Reference"; Value = ""; VariantName = "[No Variations]"
Change component parameters (AddParameter): Name = "Supplier"; Value = ""; VariantName = "[No Variations]"
Change component parameters (AddParameter): Name = "U_fw"; Value = ""; VariantName = "[No Variations]"
Change component parameters: Designator = "" ("D0"); Footprint = "HF_FP_0805_LED_BLUE&RED_2"; UniqueID = "\TECNKSDD\OGGHVANU\VTJMSTCU" ("\TECNKSDD\OGGHVANU\VTJMSTCU")
Change component parameters (AddParameter): Name = "I_max"; Value = ""; VariantName = "[No Variations]"
Change component parameters (AddParameter): Name = "Name"; Value = ""; VariantName = "[No Variations]"
Change component parameters (AddParameter): Name = "Reference"; Value = ""; VariantName = "[No Variations]"
Change component parameters (AddParameter): Name = "Supplier"; Value = ""; VariantName = "[No Variations]"
Change component parameters (AddParameter): Name = "U_fw"; Value = ""; VariantName = "[No Variations]"
Change component parameters: Designator = "" ("D0"); Footprint = "HF_FP_0805_LED_BLUE&RED_2"; UniqueID = "\TECNKSDD\IEODOEJX\VTJMSTCU" ("\TECNKSDD\IEODOEJX\VTJMSTCU")
Change component parameters (AddParameter): Name = "I_max"; Value = ""; VariantName = "[No Variations]"
Change component parameters (AddParameter): Name = "Name"; Value = ""; VariantName = "[No Variations]"
Change component parameters (AddParameter): Name = "Reference"; Value = ""; VariantName = "[No Variations]"
Change component parameters (AddParameter): Name = "Supplier"; Value = ""; VariantName = "[No Variations]"
Change component parameters (AddParameter): Name = "U_fw"; Value = ""; VariantName = "[No Variations]"
Change component parameters: Designator = "" ("D0"); Footprint = "HF_FP_0805_LED_BLUE&RED_2"; UniqueID = "\TECNKSDD\CUGSRYVC\VTJMSTCU" ("\TECNKSDD\CUGSRYVC\VTJMSTCU")
Change component parameters (AddParameter): Name = "I_max"; Value = ""; VariantName = "[No Variations]"
Change component parameters (AddParameter): Name = "Name"; Value = ""; VariantName = "[No Variations]"
Change component parameters (AddParameter): Name = "Reference"; Value = ""; VariantName = "[No Variations]"
Change component parameters (AddParameter): Name = "Supplier"; Value = ""; VariantName = "[No Variations]"
Change component parameters (AddParameter): Name = "U_fw"; Value = ""; VariantName = "[No Variations]"
