Added Pin To Net: NetName=NetD0A_2 Pin=D0A-K
Added Pin To Net: NetName=NetD0B_1 Pin=D0B-A
Added Pin To Net: NetName=NetD0A_2 Pin=D0B-K
Added Pin To Net: NetName=NetD0C_1 Pin=D0C-A
Added Pin To Net: NetName=NetD0A_2 Pin=D0C-K
Added Pin To Net: NetName=NetD0D_1 Pin=D0D-A
Added Pin To Net: NetName=NetD0A_2 Pin=D0D-K
Added Pin To Net: NetName=NetD0E_1 Pin=D0E-A
Added Pin To Net: NetName=NetD0A_2 Pin=D0E-K
Added Pin To Net: NetName=NetD0F_1 Pin=D0F-A
Added Pin To Net: NetName=NetD0A_2 Pin=D0F-K
Added Pin To Net: NetName=NetD0G_1 Pin=D0G-A
Added Pin To Net: NetName=NetD0A_2 Pin=D0G-K
Added Pin To Net: NetName=NetD0H_1 Pin=D0H-A
Added Pin To Net: NetName=NetD0A_2 Pin=D0H-K
Added Pin To Net: NetName=NetD0A_1 Pin=D1A-A
Added Pin To Net: NetName=NetD1A_2 Pin=D1A-K
Added Pin To Net: NetName=NetD0B_1 Pin=D1B-A
Added Pin To Net: NetName=NetD1A_2 Pin=D1B-K
Added Pin To Net: NetName=NetD0C_1 Pin=D1C-A
Added Pin To Net: NetName=NetD1A_2 Pin=D1C-K
Added Pin To Net: NetName=NetD0D_1 Pin=D1D-A
Added Pin To Net: NetName=NetD1A_2 Pin=D1D-K
Added Pin To Net: NetName=NetD0E_1 Pin=D1E-A
Added Pin To Net: NetName=NetD1A_2 Pin=D1E-K
Added Pin To Net: NetName=NetD0F_1 Pin=D1F-A
Added Pin To Net: NetName=NetD1A_2 Pin=D1F-K
Added Pin To Net: NetName=NetD0G_1 Pin=D1G-A
Added Pin To Net: NetName=NetD1A_2 Pin=D1G-K
Added Pin To Net: NetName=NetD0H_1 Pin=D1H-A
Added Pin To Net: NetName=NetD1A_2 Pin=D1H-K
Added Pin To Net: NetName=NetD0A_1 Pin=D2A-A
Added Pin To Net: NetName=NetD2A_2 Pin=D2A-K
Added Pin To Net: NetName=NetD0B_1 Pin=D2B-A
Added Pin To Net: NetName=NetD2A_2 Pin=D2B-K
Added Pin To Net: NetName=NetD0C_1 Pin=D2C-A
Added Pin To Net: NetName=NetD2A_2 Pin=D2C-K
Added Pin To Net: NetName=NetD0D_1 Pin=D2D-A
Added Pin To Net: NetName=NetD2A_2 Pin=D2D-K
Added Pin To Net: NetName=NetD0E_1 Pin=D2E-A
Added Pin To Net: NetName=NetD2A_2 Pin=D2E-K
Added Pin To Net: NetName=NetD0F_1 Pin=D2F-A
Added Pin To Net: NetName=NetD2A_2 Pin=D2F-K
Added Pin To Net: NetName=NetD0G_1 Pin=D2G-A
Added Pin To Net: NetName=NetD2A_2 Pin=D2G-K
Added Pin To Net: NetName=NetD0H_1 Pin=D2H-A
Added Pin To Net: NetName=NetD2A_2 Pin=D2H-K
Added Pin To Net: NetName=NetD0A_1 Pin=D3A-A
Added Pin To Net: NetName=NetD3A_2 Pin=D3A-K
Added Pin To Net: NetName=NetD0B_1 Pin=D3B-A
Added Pin To Net: NetName=NetD3A_2 Pin=D3B-K
Added Pin To Net: NetName=NetD0C_1 Pin=D3C-A
Added Pin To Net: NetName=NetD3A_2 Pin=D3C-K
Added Pin To Net: NetName=NetD0D_1 Pin=D3D-A
Added Pin To Net: NetName=NetD3A_2 Pin=D3D-K
Added Pin To Net: NetName=NetD0E_1 Pin=D3E-A
Added Pin To Net: NetName=NetD3A_2 Pin=D3E-K
Added Pin To Net: NetName=NetD0F_1 Pin=D3F-A
Added Pin To Net: NetName=NetD3A_2 Pin=D3F-K
Added Pin To Net: NetName=NetD0G_1 Pin=D3G-A
Added Pin To Net: NetName=NetD3A_2 Pin=D3G-K
Added Pin To Net: NetName=NetD0H_1 Pin=D3H-A
Added Pin To Net: NetName=NetD3A_2 Pin=D3H-K
Added Pin To Net: NetName=NetD0A_1 Pin=D4A-A
Added Pin To Net: NetName=NetD4A_2 Pin=D4A-K
Added Pin To Net: NetName=NetD0B_1 Pin=D4B-A
Added Pin To Net: NetName=NetD4A_2 Pin=D4B-K
Added Pin To Net: NetName=NetD0C_1 Pin=D4C-A
Added Pin To Net: NetName=NetD4A_2 Pin=D4C-K
Added Pin To Net: NetName=NetD0D_1 Pin=D4D-A
Added Pin To Net: NetName=NetD4A_2 Pin=D4D-K
Added Pin To Net: NetName=NetD0E_1 Pin=D4E-A
Added Pin To Net: NetName=NetD4A_2 Pin=D4E-K
Added Pin To Net: NetName=NetD0F_1 Pin=D4F-A
Added Pin To Net: NetName=NetD4A_2 Pin=D4F-K
Added Pin To Net: NetName=NetD0G_1 Pin=D4G-A
Added Pin To Net: NetName=NetD4A_2 Pin=D4G-K
Added Pin To Net: NetName=NetD0H_1 Pin=D4H-A
Added Pin To Net: NetName=NetD4A_2 Pin=D4H-K
Added Pin To Net: NetName=NetD0A_1 Pin=D5A-A
Added Pin To Net: NetName=NetD5A_2 Pin=D5A-K
Added Pin To Net: NetName=NetD0B_1 Pin=D5B-A
Added Pin To Net: NetName=NetD5A_2 Pin=D5B-K
Added Pin To Net: NetName=NetD0C_1 Pin=D5C-A
Added Pin To Net: NetName=NetD5A_2 Pin=D5C-K
Added Pin To Net: NetName=NetD0D_1 Pin=D5D-A
Added Pin To Net: NetName=NetD5A_2 Pin=D5D-K
Added Pin To Net: NetName=NetD0E_1 Pin=D5E-A
Added Pin To Net: NetName=NetD5A_2 Pin=D5E-K
Added Pin To Net: NetName=NetD0F_1 Pin=D5F-A
Added Pin To Net: NetName=NetD5A_2 Pin=D5F-K
Added Pin To Net: NetName=NetD0G_1 Pin=D5G-A
Added Pin To Net: NetName=NetD5A_2 Pin=D5G-K
Added Pin To Net: NetName=NetD0H_1 Pin=D5H-A
Added Pin To Net: NetName=NetD5A_2 Pin=D5H-K
Added Pin To Net: NetName=NetD0A_1 Pin=D6A-A
Added Pin To Net: NetName=NetD6A_2 Pin=D6A-K
Added Pin To Net: NetName=NetD0B_1 Pin=D6B-A
Added Pin To Net: NetName=NetD6A_2 Pin=D6B-K
Added Pin To Net: NetName=NetD0C_1 Pin=D6C-A
Added Pin To Net: NetName=NetD6A_2 Pin=D6C-K
Added Pin To Net: NetName=NetD0D_1 Pin=D6D-A
Added Pin To Net: NetName=NetD6A_2 Pin=D6D-K
Added Pin To Net: NetName=NetD0E_1 Pin=D6E-A
Added Pin To Net: NetName=NetD6A_2 Pin=D6E-K
Added Pin To Net: NetName=NetD0F_1 Pin=D6F-A
Added Pin To Net: NetName=NetD6A_2 Pin=D6F-K
Added Pin To Net: NetName=NetD0G_1 Pin=D6G-A
Added Pin To Net: NetName=NetD6A_2 Pin=D6G-K
Added Pin To Net: NetName=NetD0H_1 Pin=D6H-A
Added Pin To Net: NetName=NetD6A_2 Pin=D6H-K
Added Pin To Net: NetName=NetD0A_1 Pin=D7A-A
Added Pin To Net: NetName=NetD7A_2 Pin=D7A-K
Added Pin To Net: NetName=NetD0B_1 Pin=D7B-A
Added Pin To Net: NetName=NetD7A_2 Pin=D7B-K
Added Pin To Net: NetName=NetD0C_1 Pin=D7C-A
Added Pin To Net: NetName=NetD7A_2 Pin=D7C-K
Added Pin To Net: NetName=NetD0D_1 Pin=D7D-A
Added Pin To Net: NetName=NetD7A_2 Pin=D7D-K
Added Pin To Net: NetName=NetD0E_1 Pin=D7E-A
Added Pin To Net: NetName=NetD7A_2 Pin=D7E-K
Added Pin To Net: NetName=NetD0F_1 Pin=D7F-A
Added Pin To Net: NetName=NetD7A_2 Pin=D7F-K
Added Pin To Net: NetName=NetD0G_1 Pin=D7G-A
Added Pin To Net: NetName=NetD7A_2 Pin=D7G-K
Added Pin To Net: NetName=NetD0H_1 Pin=D7H-A
Added Pin To Net: NetName=NetD7A_2 Pin=D7H-K
Added Pin To Net: NetName=NetD8_1 Pin=D8-A
Added Pin To Net: NetName=GND Pin=D8-K
Change Net Name : Old Net Name=NetD0A_1 New Net Name=NetD0A_A
Change Net Name : Old Net Name=NetD0A_2 New Net Name=NetD0A_K
Change Net Name : Old Net Name=NetD0B_1 New Net Name=NetD0B_A
Change Net Name : Old Net Name=NetD0C_1 New Net Name=NetD0C_A
Change Net Name : Old Net Name=NetD0D_1 New Net Name=NetD0D_A
Change Net Name : Old Net Name=NetD0E_1 New Net Name=NetD0E_A
Change Net Name : Old Net Name=NetD0F_1 New Net Name=NetD0F_A
Change Net Name : Old Net Name=NetD0G_1 New Net Name=NetD0G_A
Change Net Name : Old Net Name=NetD0H_1 New Net Name=NetD0H_A
Change Net Name : Old Net Name=NetD1A_2 New Net Name=NetD1A_K
Change Net Name : Old Net Name=NetD2A_2 New Net Name=NetD2A_K
Change Net Name : Old Net Name=NetD3A_2 New Net Name=NetD3A_K
Change Net Name : Old Net Name=NetD4A_2 New Net Name=NetD4A_K
Change Net Name : Old Net Name=NetD5A_2 New Net Name=NetD5A_K
Change Net Name : Old Net Name=NetD6A_2 New Net Name=NetD6A_K
Change Net Name : Old Net Name=NetD7A_2 New Net Name=NetD7A_K
Change Net Name : Old Net Name=NetD8_1 New Net Name=NetD8_A
