Removed Pin From Net: NetName=NetD0A_1 Pin=Q1A-2
Removed Pin From Net: NetName=5V Pin=Q1A-3
Removed Pin From Net: NetName=NetD0B_1 Pin=Q1B-2
Removed Pin From Net: NetName=5V Pin=Q1B-3
Removed Pin From Net: NetName=NetD0C_1 Pin=Q1C-2
Removed Pin From Net: NetName=5V Pin=Q1C-3
Removed Pin From Net: NetName=NetD0D_1 Pin=Q1D-2
Removed Pin From Net: NetName=5V Pin=Q1D-3
Removed Pin From Net: NetName=NetD0E_1 Pin=Q1E-2
Removed Pin From Net: NetName=5V Pin=Q1E-3
Removed Pin From Net: NetName=NetD0F_1 Pin=Q1F-2
Removed Pin From Net: NetName=5V Pin=Q1F-3
Removed Pin From Net: NetName=NetD0G_1 Pin=Q1G-2
Removed Pin From Net: NetName=5V Pin=Q1G-3
Removed Pin From Net: NetName=NetD0H_1 Pin=Q1H-2
Removed Pin From Net: NetName=5V Pin=Q1H-3
Change Component Footprint: Designator=Q1A Old Footprint=FP_SOT23-3 New Footprint=FP_DPAK-TO252
Change Component Footprint: Designator=Q1B Old Footprint=FP_SOT23-3 New Footprint=FP_DPAK-TO252
Change Component Footprint: Designator=Q1C Old Footprint=FP_SOT23-3 New Footprint=FP_DPAK-TO252
Change Component Footprint: Designator=Q1D Old Footprint=FP_SOT23-3 New Footprint=FP_DPAK-TO252
Change Component Footprint: Designator=Q1E Old Footprint=FP_SOT23-3 New Footprint=FP_DPAK-TO252
Change Component Footprint: Designator=Q1F Old Footprint=FP_SOT23-3 New Footprint=FP_DPAK-TO252
Change Component Footprint: Designator=Q1G Old Footprint=FP_SOT23-3 New Footprint=FP_DPAK-TO252
Change Component Footprint: Designator=Q1H Old Footprint=FP_SOT23-3 New Footprint=FP_DPAK-TO252
Added Pin To Net: NetName=5V Pin=Q1A-2
Added Pin To Net: NetName=NetD0A_1 Pin=Q1A-3
Added Pin To Net: NetName=5V Pin=Q1B-2
Added Pin To Net: NetName=NetD0B_1 Pin=Q1B-3
Added Pin To Net: NetName=5V Pin=Q1C-2
Added Pin To Net: NetName=NetD0C_1 Pin=Q1C-3
Added Pin To Net: NetName=5V Pin=Q1D-2
Added Pin To Net: NetName=NetD0D_1 Pin=Q1D-3
Added Pin To Net: NetName=5V Pin=Q1E-2
Added Pin To Net: NetName=NetD0E_1 Pin=Q1E-3
Added Pin To Net: NetName=5V Pin=Q1F-2
Added Pin To Net: NetName=NetD0F_1 Pin=Q1F-3
Added Pin To Net: NetName=5V Pin=Q1G-2
Added Pin To Net: NetName=NetD0G_1 Pin=Q1G-3
Added Pin To Net: NetName=5V Pin=Q1H-2
Added Pin To Net: NetName=NetD0H_1 Pin=Q1H-3
