Change Component Footprint: Designator=D0A Old Footprint=HF_FP_0805_LED_BLUE&RED New Footprint=HF_FP_0805_LED_BLUE&RED_2
Change Component Footprint: Designator=D0B Old Footprint=HF_FP_0805_LED_BLUE&RED New Footprint=HF_FP_0805_LED_BLUE&RED_2
Change Component Footprint: Designator=D0C Old Footprint=HF_FP_0805_LED_BLUE&RED New Footprint=HF_FP_0805_LED_BLUE&RED_2
Change Component Footprint: Designator=D0D Old Footprint=HF_FP_0805_LED_BLUE&RED New Footprint=HF_FP_0805_LED_BLUE&RED_2
Change Component Footprint: Designator=D0E Old Footprint=HF_FP_0805_LED_BLUE&RED New Footprint=HF_FP_0805_LED_BLUE&RED_2
Change Component Footprint: Designator=D0F Old Footprint=HF_FP_0805_LED_BLUE&RED New Footprint=HF_FP_0805_LED_BLUE&RED_2
Change Component Footprint: Designator=D0G Old Footprint=HF_FP_0805_LED_BLUE&RED New Footprint=HF_FP_0805_LED_BLUE&RED_2
Change Component Footprint: Designator=D0H Old Footprint=HF_FP_0805_LED_BLUE&RED New Footprint=HF_FP_0805_LED_BLUE&RED_2
Change Component Footprint: Designator=D1A Old Footprint=HF_FP_0805_LED_BLUE&RED New Footprint=HF_FP_0805_LED_BLUE&RED_2
Change Component Footprint: Designator=D1B Old Footprint=HF_FP_0805_LED_BLUE&RED New Footprint=HF_FP_0805_LED_BLUE&RED_2
Change Component Footprint: Designator=D1C Old Footprint=HF_FP_0805_LED_BLUE&RED New Footprint=HF_FP_0805_LED_BLUE&RED_2
Change Component Footprint: Designator=D1D Old Footprint=HF_FP_0805_LED_BLUE&RED New Footprint=HF_FP_0805_LED_BLUE&RED_2
Change Component Footprint: Designator=D1E Old Footprint=HF_FP_0805_LED_BLUE&RED New Footprint=HF_FP_0805_LED_BLUE&RED_2
Change Component Footprint: Designator=D1F Old Footprint=HF_FP_0805_LED_BLUE&RED New Footprint=HF_FP_0805_LED_BLUE&RED_2
Change Component Footprint: Designator=D1G Old Footprint=HF_FP_0805_LED_BLUE&RED New Footprint=HF_FP_0805_LED_BLUE&RED_2
Change Component Footprint: Designator=D1H Old Footprint=HF_FP_0805_LED_BLUE&RED New Footprint=HF_FP_0805_LED_BLUE&RED_2
Change Component Footprint: Designator=D2A Old Footprint=HF_FP_0805_LED_BLUE&RED New Footprint=HF_FP_0805_LED_BLUE&RED_2
Change Component Footprint: Designator=D2B Old Footprint=HF_FP_0805_LED_BLUE&RED New Footprint=HF_FP_0805_LED_BLUE&RED_2
Change Component Footprint: Designator=D2C Old Footprint=HF_FP_0805_LED_BLUE&RED New Footprint=HF_FP_0805_LED_BLUE&RED_2
Change Component Footprint: Designator=D2D Old Footprint=HF_FP_0805_LED_BLUE&RED New Footprint=HF_FP_0805_LED_BLUE&RED_2
Change Component Footprint: Designator=D2E Old Footprint=HF_FP_0805_LED_BLUE&RED New Footprint=HF_FP_0805_LED_BLUE&RED_2
Change Component Footprint: Designator=D2F Old Footprint=HF_FP_0805_LED_BLUE&RED New Footprint=HF_FP_0805_LED_BLUE&RED_2
Change Component Footprint: Designator=D2G Old Footprint=HF_FP_0805_LED_BLUE&RED New Footprint=HF_FP_0805_LED_BLUE&RED_2
Change Component Footprint: Designator=D2H Old Footprint=HF_FP_0805_LED_BLUE&RED New Footprint=HF_FP_0805_LED_BLUE&RED_2
Change Component Footprint: Designator=D3A Old Footprint=HF_FP_0805_LED_BLUE&RED New Footprint=HF_FP_0805_LED_BLUE&RED_2
Change Component Footprint: Designator=D3B Old Footprint=HF_FP_0805_LED_BLUE&RED New Footprint=HF_FP_0805_LED_BLUE&RED_2
Change Component Footprint: Designator=D3C Old Footprint=HF_FP_0805_LED_BLUE&RED New Footprint=HF_FP_0805_LED_BLUE&RED_2
Change Component Footprint: Designator=D3D Old Footprint=HF_FP_0805_LED_BLUE&RED New Footprint=HF_FP_0805_LED_BLUE&RED_2
Change Component Footprint: Designator=D3E Old Footprint=HF_FP_0805_LED_BLUE&RED New Footprint=HF_FP_0805_LED_BLUE&RED_2
Change Component Footprint: Designator=D3F Old Footprint=HF_FP_0805_LED_BLUE&RED New Footprint=HF_FP_0805_LED_BLUE&RED_2
Change Component Footprint: Designator=D3G Old Footprint=HF_FP_0805_LED_BLUE&RED New Footprint=HF_FP_0805_LED_BLUE&RED_2
Change Component Footprint: Designator=D3H Old Footprint=HF_FP_0805_LED_BLUE&RED New Footprint=HF_FP_0805_LED_BLUE&RED_2
Change Component Footprint: Designator=D4A Old Footprint=HF_FP_0805_LED_BLUE&RED New Footprint=HF_FP_0805_LED_BLUE&RED_2
Change Component Footprint: Designator=D4B Old Footprint=HF_FP_0805_LED_BLUE&RED New Footprint=HF_FP_0805_LED_BLUE&RED_2
Change Component Footprint: Designator=D4C Old Footprint=HF_FP_0805_LED_BLUE&RED New Footprint=HF_FP_0805_LED_BLUE&RED_2
Change Component Footprint: Designator=D4D Old Footprint=HF_FP_0805_LED_BLUE&RED New Footprint=HF_FP_0805_LED_BLUE&RED_2
Change Component Footprint: Designator=D4E Old Footprint=HF_FP_0805_LED_BLUE&RED New Footprint=HF_FP_0805_LED_BLUE&RED_2
Change Component Footprint: Designator=D4F Old Footprint=HF_FP_0805_LED_BLUE&RED New Footprint=HF_FP_0805_LED_BLUE&RED_2
Change Component Footprint: Designator=D4G Old Footprint=HF_FP_0805_LED_BLUE&RED New Footprint=HF_FP_0805_LED_BLUE&RED_2
Change Component Footprint: Designator=D4H Old Footprint=HF_FP_0805_LED_BLUE&RED New Footprint=HF_FP_0805_LED_BLUE&RED_2
Change Component Footprint: Designator=D5A Old Footprint=HF_FP_0805_LED_BLUE&RED New Footprint=HF_FP_0805_LED_BLUE&RED_2
Change Component Footprint: Designator=D5B Old Footprint=HF_FP_0805_LED_BLUE&RED New Footprint=HF_FP_0805_LED_BLUE&RED_2
Change Component Footprint: Designator=D5C Old Footprint=HF_FP_0805_LED_BLUE&RED New Footprint=HF_FP_0805_LED_BLUE&RED_2
Change Component Footprint: Designator=D5D Old Footprint=HF_FP_0805_LED_BLUE&RED New Footprint=HF_FP_0805_LED_BLUE&RED_2
Change Component Footprint: Designator=D5E Old Footprint=HF_FP_0805_LED_BLUE&RED New Footprint=HF_FP_0805_LED_BLUE&RED_2
Change Component Footprint: Designator=D5F Old Footprint=HF_FP_0805_LED_BLUE&RED New Footprint=HF_FP_0805_LED_BLUE&RED_2
Change Component Footprint: Designator=D5G Old Footprint=HF_FP_0805_LED_BLUE&RED New Footprint=HF_FP_0805_LED_BLUE&RED_2
Change Component Footprint: Designator=D5H Old Footprint=HF_FP_0805_LED_BLUE&RED New Footprint=HF_FP_0805_LED_BLUE&RED_2
Change Component Footprint: Designator=D6A Old Footprint=HF_FP_0805_LED_BLUE&RED New Footprint=HF_FP_0805_LED_BLUE&RED_2
Change Component Footprint: Designator=D6B Old Footprint=HF_FP_0805_LED_BLUE&RED New Footprint=HF_FP_0805_LED_BLUE&RED_2
Change Component Footprint: Designator=D6C Old Footprint=HF_FP_0805_LED_BLUE&RED New Footprint=HF_FP_0805_LED_BLUE&RED_2
Change Component Footprint: Designator=D6D Old Footprint=HF_FP_0805_LED_BLUE&RED New Footprint=HF_FP_0805_LED_BLUE&RED_2
Change Component Footprint: Designator=D6E Old Footprint=HF_FP_0805_LED_BLUE&RED New Footprint=HF_FP_0805_LED_BLUE&RED_2
Change Component Footprint: Designator=D6F Old Footprint=HF_FP_0805_LED_BLUE&RED New Footprint=HF_FP_0805_LED_BLUE&RED_2
Change Component Footprint: Designator=D6G Old Footprint=HF_FP_0805_LED_BLUE&RED New Footprint=HF_FP_0805_LED_BLUE&RED_2
Change Component Footprint: Designator=D6H Old Footprint=HF_FP_0805_LED_BLUE&RED New Footprint=HF_FP_0805_LED_BLUE&RED_2
Change Component Footprint: Designator=D7A Old Footprint=HF_FP_0805_LED_BLUE&RED New Footprint=HF_FP_0805_LED_BLUE&RED_2
Change Component Footprint: Designator=D7B Old Footprint=HF_FP_0805_LED_BLUE&RED New Footprint=HF_FP_0805_LED_BLUE&RED_2
Change Component Footprint: Designator=D7C Old Footprint=HF_FP_0805_LED_BLUE&RED New Footprint=HF_FP_0805_LED_BLUE&RED_2
Change Component Footprint: Designator=D7D Old Footprint=HF_FP_0805_LED_BLUE&RED New Footprint=HF_FP_0805_LED_BLUE&RED_2
Change Component Footprint: Designator=D7E Old Footprint=HF_FP_0805_LED_BLUE&RED New Footprint=HF_FP_0805_LED_BLUE&RED_2
Change Component Footprint: Designator=D7F Old Footprint=HF_FP_0805_LED_BLUE&RED New Footprint=HF_FP_0805_LED_BLUE&RED_2
Change Component Footprint: Designator=D7G Old Footprint=HF_FP_0805_LED_BLUE&RED New Footprint=HF_FP_0805_LED_BLUE&RED_2
Change Component Footprint: Designator=D7H Old Footprint=HF_FP_0805_LED_BLUE&RED New Footprint=HF_FP_0805_LED_BLUE&RED_2
Change Component Footprint: Designator=D8 Old Footprint=HF_FP_0805_LED_BLUE&RED New Footprint=HF_FP_0805_LED_BLUE&RED_2
