Change Physical Footprint: Designator=B0 Old Footprint=FP_BTN_SMD New Footprint=FP_BTN_SMD
Change Physical Footprint: Designator=B1 Old Footprint=FP_BTN_SMD New Footprint=FP_BTN_SMD
Change Physical Footprint: Designator=B2 Old Footprint=FP_BTN_SMD New Footprint=FP_BTN_SMD
Change Physical Footprint: Designator=B3 Old Footprint=FP_BTN_SMD New Footprint=FP_BTN_SMD
Change Physical Footprint: Designator=C1 Old Footprint=FP_0603_CAP_080 New Footprint=FP_0603_CAP_080
Change Physical Footprint: Designator=C2 Old Footprint=FP_0603_CAP_080 New Footprint=FP_0603_CAP_080
Change Physical Footprint: Designator=C3 Old Footprint=FP_0603_CAP_080 New Footprint=FP_0603_CAP_080
Change Physical Footprint: Designator=D0A Old Footprint=HF_FP_0805_LED_BLUE&RED_2 New Footprint=HF_FP_0805_LED_BLUE&RED_2
Change Physical Footprint: Designator=D0B Old Footprint=HF_FP_0805_LED_BLUE&RED_2 New Footprint=HF_FP_0805_LED_BLUE&RED_2
Change Physical Footprint: Designator=D0C Old Footprint=HF_FP_0805_LED_BLUE&RED_2 New Footprint=HF_FP_0805_LED_BLUE&RED_2
Change Physical Footprint: Designator=D0D Old Footprint=HF_FP_0805_LED_BLUE&RED_2 New Footprint=HF_FP_0805_LED_BLUE&RED_2
Change Physical Footprint: Designator=D0E Old Footprint=HF_FP_0805_LED_BLUE&RED_2 New Footprint=HF_FP_0805_LED_BLUE&RED_2
Change Physical Footprint: Designator=D0F Old Footprint=HF_FP_0805_LED_BLUE&RED_2 New Footprint=HF_FP_0805_LED_BLUE&RED_2
Change Physical Footprint: Designator=D0G Old Footprint=HF_FP_0805_LED_BLUE&RED_2 New Footprint=HF_FP_0805_LED_BLUE&RED_2
Change Physical Footprint: Designator=D0H Old Footprint=HF_FP_0805_LED_BLUE&RED_2 New Footprint=HF_FP_0805_LED_BLUE&RED_2
Change Physical Footprint: Designator=D1A Old Footprint=HF_FP_0805_LED_BLUE&RED_2 New Footprint=HF_FP_0805_LED_BLUE&RED_2
Change Physical Footprint: Designator=D1B Old Footprint=HF_FP_0805_LED_BLUE&RED_2 New Footprint=HF_FP_0805_LED_BLUE&RED_2
Change Physical Footprint: Designator=D1C Old Footprint=HF_FP_0805_LED_BLUE&RED_2 New Footprint=HF_FP_0805_LED_BLUE&RED_2
Change Physical Footprint: Designator=D1D Old Footprint=HF_FP_0805_LED_BLUE&RED_2 New Footprint=HF_FP_0805_LED_BLUE&RED_2
Change Physical Footprint: Designator=D1E Old Footprint=HF_FP_0805_LED_BLUE&RED_2 New Footprint=HF_FP_0805_LED_BLUE&RED_2
Change Physical Footprint: Designator=D1F Old Footprint=HF_FP_0805_LED_BLUE&RED_2 New Footprint=HF_FP_0805_LED_BLUE&RED_2
Change Physical Footprint: Designator=D1G Old Footprint=HF_FP_0805_LED_BLUE&RED_2 New Footprint=HF_FP_0805_LED_BLUE&RED_2
Change Physical Footprint: Designator=D1H Old Footprint=HF_FP_0805_LED_BLUE&RED_2 New Footprint=HF_FP_0805_LED_BLUE&RED_2
Change Physical Footprint: Designator=D2A Old Footprint=HF_FP_0805_LED_BLUE&RED_2 New Footprint=HF_FP_0805_LED_BLUE&RED_2
Change Physical Footprint: Designator=D2B Old Footprint=HF_FP_0805_LED_BLUE&RED_2 New Footprint=HF_FP_0805_LED_BLUE&RED_2
Change Physical Footprint: Designator=D2C Old Footprint=HF_FP_0805_LED_BLUE&RED_2 New Footprint=HF_FP_0805_LED_BLUE&RED_2
Change Physical Footprint: Designator=D2D Old Footprint=HF_FP_0805_LED_BLUE&RED_2 New Footprint=HF_FP_0805_LED_BLUE&RED_2
Change Physical Footprint: Designator=D2E Old Footprint=HF_FP_0805_LED_BLUE&RED_2 New Footprint=HF_FP_0805_LED_BLUE&RED_2
Change Physical Footprint: Designator=D2F Old Footprint=HF_FP_0805_LED_BLUE&RED_2 New Footprint=HF_FP_0805_LED_BLUE&RED_2
Change Physical Footprint: Designator=D2G Old Footprint=HF_FP_0805_LED_BLUE&RED_2 New Footprint=HF_FP_0805_LED_BLUE&RED_2
Change Physical Footprint: Designator=D2H Old Footprint=HF_FP_0805_LED_BLUE&RED_2 New Footprint=HF_FP_0805_LED_BLUE&RED_2
Change Physical Footprint: Designator=D3A Old Footprint=HF_FP_0805_LED_BLUE&RED_2 New Footprint=HF_FP_0805_LED_BLUE&RED_2
Change Physical Footprint: Designator=D3B Old Footprint=HF_FP_0805_LED_BLUE&RED_2 New Footprint=HF_FP_0805_LED_BLUE&RED_2
Change Physical Footprint: Designator=D3C Old Footprint=HF_FP_0805_LED_BLUE&RED_2 New Footprint=HF_FP_0805_LED_BLUE&RED_2
Change Physical Footprint: Designator=D3D Old Footprint=HF_FP_0805_LED_BLUE&RED_2 New Footprint=HF_FP_0805_LED_BLUE&RED_2
Change Physical Footprint: Designator=D3E Old Footprint=HF_FP_0805_LED_BLUE&RED_2 New Footprint=HF_FP_0805_LED_BLUE&RED_2
Change Physical Footprint: Designator=D3F Old Footprint=HF_FP_0805_LED_BLUE&RED_2 New Footprint=HF_FP_0805_LED_BLUE&RED_2
Change Physical Footprint: Designator=D3G Old Footprint=HF_FP_0805_LED_BLUE&RED_2 New Footprint=HF_FP_0805_LED_BLUE&RED_2
Change Physical Footprint: Designator=D3H Old Footprint=HF_FP_0805_LED_BLUE&RED_2 New Footprint=HF_FP_0805_LED_BLUE&RED_2
Change Physical Footprint: Designator=D4A Old Footprint=HF_FP_0805_LED_BLUE&RED_2 New Footprint=HF_FP_0805_LED_BLUE&RED_2
Change Physical Footprint: Designator=D4B Old Footprint=HF_FP_0805_LED_BLUE&RED_2 New Footprint=HF_FP_0805_LED_BLUE&RED_2
Change Physical Footprint: Designator=D4C Old Footprint=HF_FP_0805_LED_BLUE&RED_2 New Footprint=HF_FP_0805_LED_BLUE&RED_2
Change Physical Footprint: Designator=D4D Old Footprint=HF_FP_0805_LED_BLUE&RED_2 New Footprint=HF_FP_0805_LED_BLUE&RED_2
Change Physical Footprint: Designator=D4E Old Footprint=HF_FP_0805_LED_BLUE&RED_2 New Footprint=HF_FP_0805_LED_BLUE&RED_2
Change Physical Footprint: Designator=D4F Old Footprint=HF_FP_0805_LED_BLUE&RED_2 New Footprint=HF_FP_0805_LED_BLUE&RED_2
Change Physical Footprint: Designator=D4G Old Footprint=HF_FP_0805_LED_BLUE&RED_2 New Footprint=HF_FP_0805_LED_BLUE&RED_2
Change Physical Footprint: Designator=D4H Old Footprint=HF_FP_0805_LED_BLUE&RED_2 New Footprint=HF_FP_0805_LED_BLUE&RED_2
Change Physical Footprint: Designator=D5A Old Footprint=HF_FP_0805_LED_BLUE&RED_2 New Footprint=HF_FP_0805_LED_BLUE&RED_2
Change Physical Footprint: Designator=D5B Old Footprint=HF_FP_0805_LED_BLUE&RED_2 New Footprint=HF_FP_0805_LED_BLUE&RED_2
Change Physical Footprint: Designator=D5C Old Footprint=HF_FP_0805_LED_BLUE&RED_2 New Footprint=HF_FP_0805_LED_BLUE&RED_2
Change Physical Footprint: Designator=D5D Old Footprint=HF_FP_0805_LED_BLUE&RED_2 New Footprint=HF_FP_0805_LED_BLUE&RED_2
Change Physical Footprint: Designator=D5E Old Footprint=HF_FP_0805_LED_BLUE&RED_2 New Footprint=HF_FP_0805_LED_BLUE&RED_2
Change Physical Footprint: Designator=D5F Old Footprint=HF_FP_0805_LED_BLUE&RED_2 New Footprint=HF_FP_0805_LED_BLUE&RED_2
Change Physical Footprint: Designator=D5G Old Footprint=HF_FP_0805_LED_BLUE&RED_2 New Footprint=HF_FP_0805_LED_BLUE&RED_2
Change Physical Footprint: Designator=D5H Old Footprint=HF_FP_0805_LED_BLUE&RED_2 New Footprint=HF_FP_0805_LED_BLUE&RED_2
Change Physical Footprint: Designator=D6A Old Footprint=HF_FP_0805_LED_BLUE&RED_2 New Footprint=HF_FP_0805_LED_BLUE&RED_2
Change Physical Footprint: Designator=D6B Old Footprint=HF_FP_0805_LED_BLUE&RED_2 New Footprint=HF_FP_0805_LED_BLUE&RED_2
Change Physical Footprint: Designator=D6C Old Footprint=HF_FP_0805_LED_BLUE&RED_2 New Footprint=HF_FP_0805_LED_BLUE&RED_2
Change Physical Footprint: Designator=D6D Old Footprint=HF_FP_0805_LED_BLUE&RED_2 New Footprint=HF_FP_0805_LED_BLUE&RED_2
Change Physical Footprint: Designator=D6E Old Footprint=HF_FP_0805_LED_BLUE&RED_2 New Footprint=HF_FP_0805_LED_BLUE&RED_2
Change Physical Footprint: Designator=D6F Old Footprint=HF_FP_0805_LED_BLUE&RED_2 New Footprint=HF_FP_0805_LED_BLUE&RED_2
Change Physical Footprint: Designator=D6G Old Footprint=HF_FP_0805_LED_BLUE&RED_2 New Footprint=HF_FP_0805_LED_BLUE&RED_2
Change Physical Footprint: Designator=D6H Old Footprint=HF_FP_0805_LED_BLUE&RED_2 New Footprint=HF_FP_0805_LED_BLUE&RED_2
Change Physical Footprint: Designator=D7A Old Footprint=HF_FP_0805_LED_BLUE&RED_2 New Footprint=HF_FP_0805_LED_BLUE&RED_2
Change Physical Footprint: Designator=D7B Old Footprint=HF_FP_0805_LED_BLUE&RED_2 New Footprint=HF_FP_0805_LED_BLUE&RED_2
Change Physical Footprint: Designator=D7C Old Footprint=HF_FP_0805_LED_BLUE&RED_2 New Footprint=HF_FP_0805_LED_BLUE&RED_2
Change Physical Footprint: Designator=D7D Old Footprint=HF_FP_0805_LED_BLUE&RED_2 New Footprint=HF_FP_0805_LED_BLUE&RED_2
Change Physical Footprint: Designator=D7E Old Footprint=HF_FP_0805_LED_BLUE&RED_2 New Footprint=HF_FP_0805_LED_BLUE&RED_2
Change Physical Footprint: Designator=D7F Old Footprint=HF_FP_0805_LED_BLUE&RED_2 New Footprint=HF_FP_0805_LED_BLUE&RED_2
Change Physical Footprint: Designator=D7G Old Footprint=HF_FP_0805_LED_BLUE&RED_2 New Footprint=HF_FP_0805_LED_BLUE&RED_2
Change Physical Footprint: Designator=D7H Old Footprint=HF_FP_0805_LED_BLUE&RED_2 New Footprint=HF_FP_0805_LED_BLUE&RED_2
Change Physical Footprint: Designator=D8 Old Footprint=HF_FP_0805_LED_BLUE&RED_2 New Footprint=HF_FP_0805_LED_BLUE&RED_2
Change Physical Footprint: Designator=D9 Old Footprint=FP_SMA New Footprint=FP_SMA
Change Physical Footprint: Designator=F1 Old Footprint=FP_MULTIFUSE New Footprint=FP_MULTIFUSE
Change Physical Footprint: Designator=J1 Old Footprint=FP_DC_TAP_ANYA New Footprint=FP_DC_TAP_ANYA
Change Physical Footprint: Designator=Q1A Old Footprint=FP_SOT23-3 New Footprint=FP_SOT23-3
Change Physical Footprint: Designator=Q1B Old Footprint=FP_SOT23-3 New Footprint=FP_SOT23-3
Change Physical Footprint: Designator=Q1C Old Footprint=FP_SOT23-3 New Footprint=FP_SOT23-3
Change Physical Footprint: Designator=Q1D Old Footprint=FP_SOT23-3 New Footprint=FP_SOT23-3
Change Physical Footprint: Designator=Q1E Old Footprint=FP_SOT23-3 New Footprint=FP_SOT23-3
Change Physical Footprint: Designator=Q1F Old Footprint=FP_SOT23-3 New Footprint=FP_SOT23-3
Change Physical Footprint: Designator=Q1G Old Footprint=FP_SOT23-3 New Footprint=FP_SOT23-3
Change Physical Footprint: Designator=Q1H Old Footprint=FP_SOT23-3 New Footprint=FP_SOT23-3
Change Physical Footprint: Designator=R1 Old Footprint=HF_FP_0603_RES New Footprint=HF_FP_0603_RES
Change Physical Footprint: Designator=R2 Old Footprint=HF_FP_0603_RES New Footprint=HF_FP_0603_RES
Change Physical Footprint: Designator=R3 Old Footprint=HF_FP_0603_RES New Footprint=HF_FP_0603_RES
Change Physical Footprint: Designator=R4 Old Footprint=HF_FP_0603_RES New Footprint=HF_FP_0603_RES
Change Physical Footprint: Designator=R5 Old Footprint=HF_FP_0603_RES New Footprint=HF_FP_0603_RES
Change Physical Footprint: Designator=R6 Old Footprint=HF_FP_0603_RES New Footprint=HF_FP_0603_RES
Change Physical Footprint: Designator=R7A Old Footprint=HF_FP_0603_RES New Footprint=HF_FP_0603_RES
Change Physical Footprint: Designator=R7B Old Footprint=HF_FP_0603_RES New Footprint=HF_FP_0603_RES
Change Physical Footprint: Designator=R7C Old Footprint=HF_FP_0603_RES New Footprint=HF_FP_0603_RES
Change Physical Footprint: Designator=R7D Old Footprint=HF_FP_0603_RES New Footprint=HF_FP_0603_RES
Change Physical Footprint: Designator=R7E Old Footprint=HF_FP_0603_RES New Footprint=HF_FP_0603_RES
Change Physical Footprint: Designator=R7F Old Footprint=HF_FP_0603_RES New Footprint=HF_FP_0603_RES
Change Physical Footprint: Designator=R7G Old Footprint=HF_FP_0603_RES New Footprint=HF_FP_0603_RES
Change Physical Footprint: Designator=R7H Old Footprint=HF_FP_0603_RES New Footprint=HF_FP_0603_RES
Change Physical Footprint: Designator=U1 Old Footprint=FP_NUCLEO-64 New Footprint=FP_NUCLEO-64
Change Physical Footprint: Designator=U2 Old Footprint=TSOP65P640X120-16M New Footprint=TSOP65P640X120-16M
Change Physical Footprint: Designator=U3 Old Footprint=HF_SOT95P280X145-5M New Footprint=HF_SOT95P280X145-5M
